<?xml version="1.0" encoding="UTF-8"?>
<testsuite xmlns:xsi="http://www.w3.org/2001/XMLSchema-instance" xsi:noNamespaceSchemaLocation="https://maven.apache.org/surefire/maven-surefire-plugin/xsd/surefire-test-report-3.0.xsd" version="3.0" name="ru.geekbrains.qa.features.settings.SearchSectionTest" time="14.777" tests="1" errors="0" skipped="0" failures="0">
  <properties>
    <property name="sun.desktop" value="windows"/>
    <property name="awt.toolkit" value="sun.awt.windows.WToolkit"/>
    <property name="file.encoding.pkg" value="sun.io"/>
    <property name="java.specification.version" value="1.8"/>
    <property name="webdriver.chrome.driver" value="C:\Users\admin\.cache\selenium\chromedriver\win32\89.0.4389.23\chromedriver.exe"/>
    <property name="sun.cpu.isalist" value="amd64"/>
    <property name="sun.jnu.encoding" value="Cp1251"/>
    <property name="java.class.path" value="G:\Данные с диска С\Рабочий стол с НР\GEEKBRAINS\Автоматизация тестирования Web UI\AT- HW_Glazov\AT-HW7\target\test-classes;G:\Данные с диска С\Рабочий стол с НР\GEEKBRAINS\Автоматизация тестирования Web UI\AT- HW_Glazov\AT-HW7\target\classes;C:\Users\admin\.m2\repository\org\apache\maven\plugins\maven-surefire-plugin\3.0.0-M5\maven-surefire-plugin-3.0.0-M5.jar;C:\Users\admin\.m2\repository\org\apache\maven\surefire\maven-surefire-common\3.0.0-M5\maven-surefire-common-3.0.0-M5.jar;C:\Users\admin\.m2\repository\org\apache\maven\surefire\surefire-extensions-api\3.0.0-M5\surefire-extensions-api-3.0.0-M5.jar;C:\Users\admin\.m2\repository\org\apache\maven\surefire\surefire-booter\3.0.0-M5\surefire-booter-3.0.0-M5.jar;C:\Users\admin\.m2\repository\org\apache\maven\surefire\surefire-extensions-spi\3.0.0-M5\surefire-extensions-spi-3.0.0-M5.jar;C:\Users\admin\.m2\repository\org\apache\maven\maven-toolchain\3.0-alpha-2\maven-toolchain-3.0-alpha-2.jar;C:\Users\admin\.m2\repository\org\apache\maven\shared\maven-artifact-transfer\0.11.0\maven-artifact-transfer-0.11.0.jar;C:\Users\admin\.m2\repository\org\apache\maven\shared\maven-common-artifact-filters\3.0.1\maven-common-artifact-filters-3.0.1.jar;C:\Users\admin\.m2\repository\org\apache\maven\maven-model\3.0\maven-model-3.0.jar;C:\Users\admin\.m2\repository\org\apache\maven\maven-plugin-api\3.0\maven-plugin-api-3.0.jar;C:\Users\admin\.m2\repository\org\sonatype\sisu\sisu-inject-plexus\1.4.2\sisu-inject-plexus-1.4.2.jar;C:\Users\admin\.m2\repository\org\codehaus\plexus\plexus-classworlds\2.2.3\plexus-classworlds-2.2.3.jar;C:\Users\admin\.m2\repository\org\sonatype\sisu\sisu-inject-bean\1.4.2\sisu-inject-bean-1.4.2.jar;C:\Users\admin\.m2\repository\org\sonatype\sisu\sisu-guice\2.1.7\sisu-guice-2.1.7-noaop.jar;C:\Users\admin\.m2\repository\org\apache\maven\shared\maven-shared-utils\3.1.0\maven-shared-utils-3.1.0.jar;C:\Users\admin\.m2\repository\org\codehaus\plexus\plexus-java\1.0.5\plexus-java-1.0.5.jar;C:\Users\admin\.m2\repository\org\ow2\asm\asm\7.2\asm-7.2.jar;C:\Users\admin\.m2\repository\com\thoughtworks\qdox\qdox\2.0-M9\qdox-2.0-M9.jar;C:\Users\admin\.m2\repository\org\apache\maven\surefire\surefire-shared-utils\3.0.0-M4\surefire-shared-utils-3.0.0-M4.jar;C:\Users\admin\.m2\repository\org\junit\jupiter\junit-jupiter-engine\5.7.0\junit-jupiter-engine-5.7.0.jar;C:\Users\admin\.m2\repository\org\apiguardian\apiguardian-api\1.1.0\apiguardian-api-1.1.0.jar;C:\Users\admin\.m2\repository\org\junit\platform\junit-platform-engine\1.7.0\junit-platform-engine-1.7.0.jar;C:\Users\admin\.m2\repository\org\junit\jupiter\junit-jupiter-api\5.7.0\junit-jupiter-api-5.7.0.jar;C:\Users\admin\.m2\repository\org\opentest4j\opentest4j\1.2.0\opentest4j-1.2.0.jar;C:\Users\admin\.m2\repository\org\junit\platform\junit-platform-commons\1.7.0\junit-platform-commons-1.7.0.jar;C:\Users\admin\.m2\repository\org\junit\jupiter\junit-jupiter-params\5.7.0\junit-jupiter-params-5.7.0.jar;C:\Users\admin\.m2\repository\ch\qos\logback\logback-classic\1.2.3\logback-classic-1.2.3.jar;C:\Users\admin\.m2\repository\ch\qos\logback\logback-core\1.2.3\logback-core-1.2.3.jar;C:\Users\admin\.m2\repository\org\slf4j\slf4j-api\1.7.25\slf4j-api-1.7.25.jar;C:\Users\admin\.m2\repository\org\seleniumhq\selenium\selenium-java\3.141.59\selenium-java-3.141.59.jar;C:\Users\admin\.m2\repository\org\seleniumhq\selenium\selenium-api\3.141.59\selenium-api-3.141.59.jar;C:\Users\admin\.m2\repository\org\seleniumhq\selenium\selenium-chrome-driver\3.141.59\selenium-chrome-driver-3.141.59.jar;C:\Users\admin\.m2\repository\org\seleniumhq\selenium\selenium-edge-driver\3.141.59\selenium-edge-driver-3.141.59.jar;C:\Users\admin\.m2\repository\org\seleniumhq\selenium\selenium-firefox-driver\3.141.59\selenium-firefox-driver-3.141.59.jar;C:\Users\admin\.m2\repository\org\seleniumhq\selenium\selenium-ie-driver\3.141.59\selenium-ie-driver-3.141.59.jar;C:\Users\admin\.m2\repository\org\seleniumhq\selenium\selenium-opera-driver\3.141.59\selenium-opera-driver-3.141.59.jar;C:\Users\admin\.m2\repository\org\seleniumhq\selenium\selenium-remote-driver\3.141.59\selenium-remote-driver-3.141.59.jar;C:\Users\admin\.m2\repository\org\seleniumhq\selenium\selenium-safari-driver\3.141.59\selenium-safari-driver-3.141.59.jar;C:\Users\admin\.m2\repository\org\seleniumhq\selenium\selenium-support\3.141.59\selenium-support-3.141.59.jar;C:\Users\admin\.m2\repository\net\bytebuddy\byte-buddy\1.8.15\byte-buddy-1.8.15.jar;C:\Users\admin\.m2\repository\org\apache\commons\commons-exec\1.3\commons-exec-1.3.jar;C:\Users\admin\.m2\repository\com\google\guava\guava\25.0-jre\guava-25.0-jre.jar;C:\Users\admin\.m2\repository\com\google\code\findbugs\jsr305\1.3.9\jsr305-1.3.9.jar;C:\Users\admin\.m2\repository\org\checkerframework\checker-compat-qual\2.0.0\checker-compat-qual-2.0.0.jar;C:\Users\admin\.m2\repository\com\google\errorprone\error_prone_annotations\2.1.3\error_prone_annotations-2.1.3.jar;C:\Users\admin\.m2\repository\com\google\j2objc\j2objc-annotations\1.1\j2objc-annotations-1.1.jar;C:\Users\admin\.m2\repository\org\codehaus\mojo\animal-sniffer-annotations\1.14\animal-sniffer-annotations-1.14.jar;C:\Users\admin\.m2\repository\com\squareup\okhttp3\okhttp\3.11.0\okhttp-3.11.0.jar;C:\Users\admin\.m2\repository\com\squareup\okio\okio\1.14.0\okio-1.14.0.jar;C:\Users\admin\.m2\repository\io\github\bonigarcia\webdrivermanager\4.3.1\webdrivermanager-4.3.1.jar;C:\Users\admin\.m2\repository\commons-io\commons-io\2.8.0\commons-io-2.8.0.jar;C:\Users\admin\.m2\repository\com\google\code\gson\gson\2.8.6\gson-2.8.6.jar;C:\Users\admin\.m2\repository\org\apache\commons\commons-lang3\3.11\commons-lang3-3.11.jar;C:\Users\admin\.m2\repository\org\apache\httpcomponents\client5\httpclient5\5.0.3\httpclient5-5.0.3.jar;C:\Users\admin\.m2\repository\org\apache\httpcomponents\core5\httpcore5\5.0.2\httpcore5-5.0.2.jar;C:\Users\admin\.m2\repository\org\apache\httpcomponents\core5\httpcore5-h2\5.0.2\httpcore5-h2-5.0.2.jar;C:\Users\admin\.m2\repository\commons-codec\commons-codec\1.13\commons-codec-1.13.jar;C:\Users\admin\.m2\repository\org\rauschig\jarchivelib\1.1.0\jarchivelib-1.1.0.jar;C:\Users\admin\.m2\repository\org\apache\commons\commons-compress\1.20\commons-compress-1.20.jar;C:\Users\admin\.m2\repository\org\jsoup\jsoup\1.13.1\jsoup-1.13.1.jar;C:\Users\admin\.m2\repository\org\assertj\assertj-core\3.15.0\assertj-core-3.15.0.jar;C:\Users\admin\.m2\repository\org\apache\maven\surefire\surefire-api\2.12.4\surefire-api-2.12.4.jar;C:\Users\admin\.m2\repository\org\testng\testng\7.3.0\testng-7.3.0.jar;C:\Users\admin\.m2\repository\com\beust\jcommander\1.78\jcommander-1.78.jar;C:\Users\admin\.m2\repository\org\apache\ant\ant\1.10.3\ant-1.10.3.jar;C:\Users\admin\.m2\repository\org\apache\ant\ant-launcher\1.10.3\ant-launcher-1.10.3.jar;C:\Users\admin\.m2\repository\junit\junit\4.12\junit-4.12.jar;C:\Users\admin\.m2\repository\org\hamcrest\hamcrest-core\1.3\hamcrest-core-1.3.jar;C:\Users\admin\.m2\repository\com\google\inject\guice\4.2.2\guice-4.2.2-no_aop.jar;C:\Users\admin\.m2\repository\javax\inject\javax.inject\1\javax.inject-1.jar;C:\Users\admin\.m2\repository\aopalliance\aopalliance\1.0\aopalliance-1.0.jar;C:\Users\admin\.m2\repository\org\yaml\snakeyaml\1.21\snakeyaml-1.21.jar;C:\Users\admin\.m2\repository\io\qameta\allure\allure-junit5\2.13.8\allure-junit5-2.13.8.jar;C:\Users\admin\.m2\repository\io\qameta\allure\allure-junit-platform\2.13.8\allure-junit-platform-2.13.8.jar;C:\Users\admin\.m2\repository\io\qameta\allure\allure-java-commons\2.13.8\allure-java-commons-2.13.8.jar;C:\Users\admin\.m2\repository\io\qameta\allure\allure-model\2.13.8\allure-model-2.13.8.jar;C:\Users\admin\.m2\repository\com\fasterxml\jackson\core\jackson-databind\2.11.3\jackson-databind-2.11.3.jar;C:\Users\admin\.m2\repository\com\fasterxml\jackson\core\jackson-annotations\2.11.3\jackson-annotations-2.11.3.jar;C:\Users\admin\.m2\repository\com\fasterxml\jackson\core\jackson-core\2.11.3\jackson-core-2.11.3.jar;C:\Users\admin\.m2\repository\org\apache\tika\tika-core\1.24.1\tika-core-1.24.1.jar;C:\Users\admin\.m2\repository\org\jooq\joor-java-8\0.9.13\joor-java-8-0.9.13.jar;C:\Users\admin\.m2\repository\org\junit\platform\junit-platform-launcher\1.7.0\junit-platform-launcher-1.7.0.jar;C:\Users\admin\.m2\repository\org\hamcrest\hamcrest\2.2\hamcrest-2.2.jar;C:\Users\admin\.m2\repository\org\slf4j\slf4j-simple\1.7.30\slf4j-simple-1.7.30.jar;"/>
    <property name="java.vm.vendor" value="Oracle Corporation"/>
    <property name="sun.arch.data.model" value="64"/>
    <property name="user.variant" value=""/>
    <property name="java.vendor.url" value="http://java.oracle.com/"/>
    <property name="user.timezone" value="Europe/Moscow"/>
    <property name="java.vm.specification.version" value="1.8"/>
    <property name="os.name" value="Windows 10"/>
    <property name="user.country" value="RU"/>
    <property name="sun.java.launcher" value="SUN_STANDARD"/>
    <property name="sun.boot.library.path" value="C:\Program Files\Java\jdk1.8.0_271\jre\bin"/>
    <property name="sun.java.command" value="C:\Users\admin\AppData\Local\Temp\surefire4134385504946506673\surefirebooter8782673886775740153.jar C:\Users\admin\AppData\Local\Temp\surefire4134385504946506673 2021-03-19T10-31-07_431-jvmRun1 surefire3722763893092423710tmp surefire_05558560679016906886tmp"/>
    <property name="surefire.test.class.path" value="G:\Данные с диска С\Рабочий стол с НР\GEEKBRAINS\Автоматизация тестирования Web UI\AT- HW_Glazov\AT-HW7\target\test-classes;G:\Данные с диска С\Рабочий стол с НР\GEEKBRAINS\Автоматизация тестирования Web UI\AT- HW_Glazov\AT-HW7\target\classes;C:\Users\admin\.m2\repository\org\apache\maven\plugins\maven-surefire-plugin\3.0.0-M5\maven-surefire-plugin-3.0.0-M5.jar;C:\Users\admin\.m2\repository\org\apache\maven\surefire\maven-surefire-common\3.0.0-M5\maven-surefire-common-3.0.0-M5.jar;C:\Users\admin\.m2\repository\org\apache\maven\surefire\surefire-extensions-api\3.0.0-M5\surefire-extensions-api-3.0.0-M5.jar;C:\Users\admin\.m2\repository\org\apache\maven\surefire\surefire-booter\3.0.0-M5\surefire-booter-3.0.0-M5.jar;C:\Users\admin\.m2\repository\org\apache\maven\surefire\surefire-extensions-spi\3.0.0-M5\surefire-extensions-spi-3.0.0-M5.jar;C:\Users\admin\.m2\repository\org\apache\maven\maven-toolchain\3.0-alpha-2\maven-toolchain-3.0-alpha-2.jar;C:\Users\admin\.m2\repository\org\apache\maven\shared\maven-artifact-transfer\0.11.0\maven-artifact-transfer-0.11.0.jar;C:\Users\admin\.m2\repository\org\apache\maven\shared\maven-common-artifact-filters\3.0.1\maven-common-artifact-filters-3.0.1.jar;C:\Users\admin\.m2\repository\org\apache\maven\maven-model\3.0\maven-model-3.0.jar;C:\Users\admin\.m2\repository\org\apache\maven\maven-plugin-api\3.0\maven-plugin-api-3.0.jar;C:\Users\admin\.m2\repository\org\sonatype\sisu\sisu-inject-plexus\1.4.2\sisu-inject-plexus-1.4.2.jar;C:\Users\admin\.m2\repository\org\codehaus\plexus\plexus-classworlds\2.2.3\plexus-classworlds-2.2.3.jar;C:\Users\admin\.m2\repository\org\sonatype\sisu\sisu-inject-bean\1.4.2\sisu-inject-bean-1.4.2.jar;C:\Users\admin\.m2\repository\org\sonatype\sisu\sisu-guice\2.1.7\sisu-guice-2.1.7-noaop.jar;C:\Users\admin\.m2\repository\org\apache\maven\shared\maven-shared-utils\3.1.0\maven-shared-utils-3.1.0.jar;C:\Users\admin\.m2\repository\org\codehaus\plexus\plexus-java\1.0.5\plexus-java-1.0.5.jar;C:\Users\admin\.m2\repository\org\ow2\asm\asm\7.2\asm-7.2.jar;C:\Users\admin\.m2\repository\com\thoughtworks\qdox\qdox\2.0-M9\qdox-2.0-M9.jar;C:\Users\admin\.m2\repository\org\apache\maven\surefire\surefire-shared-utils\3.0.0-M4\surefire-shared-utils-3.0.0-M4.jar;C:\Users\admin\.m2\repository\org\junit\jupiter\junit-jupiter-engine\5.7.0\junit-jupiter-engine-5.7.0.jar;C:\Users\admin\.m2\repository\org\apiguardian\apiguardian-api\1.1.0\apiguardian-api-1.1.0.jar;C:\Users\admin\.m2\repository\org\junit\platform\junit-platform-engine\1.7.0\junit-platform-engine-1.7.0.jar;C:\Users\admin\.m2\repository\org\junit\jupiter\junit-jupiter-api\5.7.0\junit-jupiter-api-5.7.0.jar;C:\Users\admin\.m2\repository\org\opentest4j\opentest4j\1.2.0\opentest4j-1.2.0.jar;C:\Users\admin\.m2\repository\org\junit\platform\junit-platform-commons\1.7.0\junit-platform-commons-1.7.0.jar;C:\Users\admin\.m2\repository\org\junit\jupiter\junit-jupiter-params\5.7.0\junit-jupiter-params-5.7.0.jar;C:\Users\admin\.m2\repository\ch\qos\logback\logback-classic\1.2.3\logback-classic-1.2.3.jar;C:\Users\admin\.m2\repository\ch\qos\logback\logback-core\1.2.3\logback-core-1.2.3.jar;C:\Users\admin\.m2\repository\org\slf4j\slf4j-api\1.7.25\slf4j-api-1.7.25.jar;C:\Users\admin\.m2\repository\org\seleniumhq\selenium\selenium-java\3.141.59\selenium-java-3.141.59.jar;C:\Users\admin\.m2\repository\org\seleniumhq\selenium\selenium-api\3.141.59\selenium-api-3.141.59.jar;C:\Users\admin\.m2\repository\org\seleniumhq\selenium\selenium-chrome-driver\3.141.59\selenium-chrome-driver-3.141.59.jar;C:\Users\admin\.m2\repository\org\seleniumhq\selenium\selenium-edge-driver\3.141.59\selenium-edge-driver-3.141.59.jar;C:\Users\admin\.m2\repository\org\seleniumhq\selenium\selenium-firefox-driver\3.141.59\selenium-firefox-driver-3.141.59.jar;C:\Users\admin\.m2\repository\org\seleniumhq\selenium\selenium-ie-driver\3.141.59\selenium-ie-driver-3.141.59.jar;C:\Users\admin\.m2\repository\org\seleniumhq\selenium\selenium-opera-driver\3.141.59\selenium-opera-driver-3.141.59.jar;C:\Users\admin\.m2\repository\org\seleniumhq\selenium\selenium-remote-driver\3.141.59\selenium-remote-driver-3.141.59.jar;C:\Users\admin\.m2\repository\org\seleniumhq\selenium\selenium-safari-driver\3.141.59\selenium-safari-driver-3.141.59.jar;C:\Users\admin\.m2\repository\org\seleniumhq\selenium\selenium-support\3.141.59\selenium-support-3.141.59.jar;C:\Users\admin\.m2\repository\net\bytebuddy\byte-buddy\1.8.15\byte-buddy-1.8.15.jar;C:\Users\admin\.m2\repository\org\apache\commons\commons-exec\1.3\commons-exec-1.3.jar;C:\Users\admin\.m2\repository\com\google\guava\guava\25.0-jre\guava-25.0-jre.jar;C:\Users\admin\.m2\repository\com\google\code\findbugs\jsr305\1.3.9\jsr305-1.3.9.jar;C:\Users\admin\.m2\repository\org\checkerframework\checker-compat-qual\2.0.0\checker-compat-qual-2.0.0.jar;C:\Users\admin\.m2\repository\com\google\errorprone\error_prone_annotations\2.1.3\error_prone_annotations-2.1.3.jar;C:\Users\admin\.m2\repository\com\google\j2objc\j2objc-annotations\1.1\j2objc-annotations-1.1.jar;C:\Users\admin\.m2\repository\org\codehaus\mojo\animal-sniffer-annotations\1.14\animal-sniffer-annotations-1.14.jar;C:\Users\admin\.m2\repository\com\squareup\okhttp3\okhttp\3.11.0\okhttp-3.11.0.jar;C:\Users\admin\.m2\repository\com\squareup\okio\okio\1.14.0\okio-1.14.0.jar;C:\Users\admin\.m2\repository\io\github\bonigarcia\webdrivermanager\4.3.1\webdrivermanager-4.3.1.jar;C:\Users\admin\.m2\repository\commons-io\commons-io\2.8.0\commons-io-2.8.0.jar;C:\Users\admin\.m2\repository\com\google\code\gson\gson\2.8.6\gson-2.8.6.jar;C:\Users\admin\.m2\repository\org\apache\commons\commons-lang3\3.11\commons-lang3-3.11.jar;C:\Users\admin\.m2\repository\org\apache\httpcomponents\client5\httpclient5\5.0.3\httpclient5-5.0.3.jar;C:\Users\admin\.m2\repository\org\apache\httpcomponents\core5\httpcore5\5.0.2\httpcore5-5.0.2.jar;C:\Users\admin\.m2\repository\org\apache\httpcomponents\core5\httpcore5-h2\5.0.2\httpcore5-h2-5.0.2.jar;C:\Users\admin\.m2\repository\commons-codec\commons-codec\1.13\commons-codec-1.13.jar;C:\Users\admin\.m2\repository\org\rauschig\jarchivelib\1.1.0\jarchivelib-1.1.0.jar;C:\Users\admin\.m2\repository\org\apache\commons\commons-compress\1.20\commons-compress-1.20.jar;C:\Users\admin\.m2\repository\org\jsoup\jsoup\1.13.1\jsoup-1.13.1.jar;C:\Users\admin\.m2\repository\org\assertj\assertj-core\3.15.0\assertj-core-3.15.0.jar;C:\Users\admin\.m2\repository\org\apache\maven\surefire\surefire-api\2.12.4\surefire-api-2.12.4.jar;C:\Users\admin\.m2\repository\org\testng\testng\7.3.0\testng-7.3.0.jar;C:\Users\admin\.m2\repository\com\beust\jcommander\1.78\jcommander-1.78.jar;C:\Users\admin\.m2\repository\org\apache\ant\ant\1.10.3\ant-1.10.3.jar;C:\Users\admin\.m2\repository\org\apache\ant\ant-launcher\1.10.3\ant-launcher-1.10.3.jar;C:\Users\admin\.m2\repository\junit\junit\4.12\junit-4.12.jar;C:\Users\admin\.m2\repository\org\hamcrest\hamcrest-core\1.3\hamcrest-core-1.3.jar;C:\Users\admin\.m2\repository\com\google\inject\guice\4.2.2\guice-4.2.2-no_aop.jar;C:\Users\admin\.m2\repository\javax\inject\javax.inject\1\javax.inject-1.jar;C:\Users\admin\.m2\repository\aopalliance\aopalliance\1.0\aopalliance-1.0.jar;C:\Users\admin\.m2\repository\org\yaml\snakeyaml\1.21\snakeyaml-1.21.jar;C:\Users\admin\.m2\repository\io\qameta\allure\allure-junit5\2.13.8\allure-junit5-2.13.8.jar;C:\Users\admin\.m2\repository\io\qameta\allure\allure-junit-platform\2.13.8\allure-junit-platform-2.13.8.jar;C:\Users\admin\.m2\repository\io\qameta\allure\allure-java-commons\2.13.8\allure-java-commons-2.13.8.jar;C:\Users\admin\.m2\repository\io\qameta\allure\allure-model\2.13.8\allure-model-2.13.8.jar;C:\Users\admin\.m2\repository\com\fasterxml\jackson\core\jackson-databind\2.11.3\jackson-databind-2.11.3.jar;C:\Users\admin\.m2\repository\com\fasterxml\jackson\core\jackson-annotations\2.11.3\jackson-annotations-2.11.3.jar;C:\Users\admin\.m2\repository\com\fasterxml\jackson\core\jackson-core\2.11.3\jackson-core-2.11.3.jar;C:\Users\admin\.m2\repository\org\apache\tika\tika-core\1.24.1\tika-core-1.24.1.jar;C:\Users\admin\.m2\repository\org\jooq\joor-java-8\0.9.13\joor-java-8-0.9.13.jar;C:\Users\admin\.m2\repository\org\junit\platform\junit-platform-launcher\1.7.0\junit-platform-launcher-1.7.0.jar;C:\Users\admin\.m2\repository\org\hamcrest\hamcrest\2.2\hamcrest-2.2.jar;C:\Users\admin\.m2\repository\org\slf4j\slf4j-simple\1.7.30\slf4j-simple-1.7.30.jar;"/>
    <property name="sun.cpu.endian" value="little"/>
    <property name="user.home" value="C:\Users\admin"/>
    <property name="user.language" value="ru"/>
    <property name="java.specification.vendor" value="Oracle Corporation"/>
    <property name="java.home" value="C:\Program Files\Java\jdk1.8.0_271\jre"/>
    <property name="basedir" value="G:\Данные с диска С\Рабочий стол с НР\GEEKBRAINS\Автоматизация тестирования Web UI\AT- HW_Glazov\AT-HW7"/>
    <property name="file.separator" value="\"/>
    <property name="line.separator" value="&#10;"/>
    <property name="java.vm.specification.vendor" value="Oracle Corporation"/>
    <property name="java.specification.name" value="Java Platform API Specification"/>
    <property name="java.awt.graphicsenv" value="sun.awt.Win32GraphicsEnvironment"/>
    <property name="surefire.real.class.path" value="C:\Users\admin\AppData\Local\Temp\surefire4134385504946506673\surefirebooter8782673886775740153.jar;C:\Users\admin\.m2\repository/org/aspectj/aspectjweaver/1.9.4/aspectjweaver-1.9.4.jar"/>
    <property name="sun.boot.class.path" value="C:\Program Files\Java\jdk1.8.0_271\jre\lib\resources.jar;C:\Program Files\Java\jdk1.8.0_271\jre\lib\rt.jar;C:\Program Files\Java\jdk1.8.0_271\jre\lib\sunrsasign.jar;C:\Program Files\Java\jdk1.8.0_271\jre\lib\jsse.jar;C:\Program Files\Java\jdk1.8.0_271\jre\lib\jce.jar;C:\Program Files\Java\jdk1.8.0_271\jre\lib\charsets.jar;C:\Program Files\Java\jdk1.8.0_271\jre\lib\jfr.jar;C:\Program Files\Java\jdk1.8.0_271\jre\classes"/>
    <property name="user.script" value=""/>
    <property name="sun.management.compiler" value="HotSpot 64-Bit Tiered Compilers"/>
    <property name="java.runtime.version" value="1.8.0_271-b09"/>
    <property name="user.name" value="admin"/>
    <property name="path.separator" value=";"/>
    <property name="os.version" value="10.0"/>
    <property name="java.endorsed.dirs" value="C:\Program Files\Java\jdk1.8.0_271\jre\lib\endorsed"/>
    <property name="java.runtime.name" value="Java(TM) SE Runtime Environment"/>
    <property name="file.encoding" value="Cp1251"/>
    <property name="java.vm.name" value="Java HotSpot(TM) 64-Bit Server VM"/>
    <property name="localRepository" value="C:\Users\admin\.m2\repository"/>
    <property name="java.vendor.url.bug" value="http://bugreport.sun.com/bugreport/"/>
    <property name="java.io.tmpdir" value="C:\Users\admin\AppData\Local\Temp\"/>
    <property name="idea.version" value="2020.3"/>
    <property name="java.version" value="1.8.0_271"/>
    <property name="user.dir" value="G:\Данные с диска С\Рабочий стол с НР\GEEKBRAINS\Автоматизация тестирования Web UI\AT- HW_Glazov\AT-HW7"/>
    <property name="os.arch" value="amd64"/>
    <property name="java.vm.specification.name" value="Java Virtual Machine Specification"/>
    <property name="java.awt.printerjob" value="sun.awt.windows.WPrinterJob"/>
    <property name="sun.os.patch.level" value=""/>
    <property name="java.library.path" value="C:\Program Files\Java\jdk1.8.0_271\jre\bin;C:\Windows\Sun\Java\bin;C:\Windows\system32;C:\Windows;C:\Program Files (x86)\Common Files\Oracle\Java\javapath;C:\Windows\system32;C:\Windows;C:\Windows\System32\Wbem;C:\Windows\System32\WindowsPowerShell\v1.0\;C:\Windows\System32\OpenSSH\;C:\Program Files\Git\cmd;G:\Данные с диска С\Рабочий стол с НР\GEEKBRAINS\IT Soft\allure-2.13.8\bin;C:\Users\admin\AppData\Local\Microsoft\WindowsApps;C:\Users\admin\AppData\Local\gitkraken\bin;."/>
    <property name="java.vm.info" value="mixed mode"/>
    <property name="java.vendor" value="Oracle Corporation"/>
    <property name="java.vm.version" value="25.271-b09"/>
    <property name="java.ext.dirs" value="C:\Program Files\Java\jdk1.8.0_271\jre\lib\ext;C:\Windows\Sun\Java\lib\ext"/>
    <property name="sun.io.unicode.encoding" value="UnicodeLittle"/>
    <property name="java.class.version" value="52.0"/>
  </properties>
  <testcase name="searchSettingsSection" classname="ru.geekbrains.qa.features.settings.SearchSectionTest" time="14.694">
    <system-out><![CDATA[Запуск @BeforeAll
10:32:17.573 [main]  INFO  i.g.bonigarcia.wdm.WebDriverManager - Using chromedriver 89.0.4389.23 (resolved driver for Chrome 89)
10:32:17.585 [main]  INFO  i.g.bonigarcia.wdm.WebDriverManager - Exporting webdriver.chrome.driver as C:\Users\admin\.cache\selenium\chromedriver\win32\89.0.4389.23\chromedriver.exe

Запуск @BeforeEach
Начало текущего теста
URL из теста createHomePage = https://www.diary.ru/

Подставляем в куки пользователя
Обновляем страницу
10:32:28.493 [main]  INFO  org.openqa.selenium.WebDriver - Before click on element with tagname = a, enabled = true, is_displayed = true 
10:32:29.674 [main]  INFO  org.openqa.selenium.WebDriver - Before click on element with tagname = input, enabled = true, is_displayed = true 
[2021-03-19T10:32:20+0300] [SEVERE] https://www.diary.ru/js/pages/main_menu.js 9:5 Uncaught ReferenceError: jQuery is not defined
[2021-03-19T10:32:21+0300] [WARNING] https://www.diary.ru/ - [DOM] Found 2 elements with non-unique id #search_box_what: (More info: https://goo.gl/9p2vKq) %o %o
[2021-03-19T10:32:21+0300] [WARNING] https://www.diary.ru/ - [DOM] Found 2 elements with non-unique id #sq: (More info: https://goo.gl/9p2vKq) %o %o
[2021-03-19T10:32:24+0300] [SEVERE] https://www.diary.ru/js/pages/main_menu.js 9:5 Uncaught ReferenceError: jQuery is not defined
[2021-03-19T10:32:24+0300] [SEVERE] https://www.diary.ru/ 5:43 Uncaught ReferenceError: get is not defined
[2021-03-19T10:32:26+0300] [SEVERE] https://www.diary.ru/js/ad/adfoxCode.js 406:60 Uncaught TypeError: window.Ya.adfoxCode.createAdaptive is not a function
[2021-03-19T10:32:27+0300] [WARNING] https://www.diary.ru/ - [DOM] Found 2 elements with non-unique id #search_box_what: (More info: https://goo.gl/9p2vKq) %o %o
[2021-03-19T10:32:27+0300] [WARNING] https://www.diary.ru/ - [DOM] Found 2 elements with non-unique id #sq: (More info: https://goo.gl/9p2vKq) %o %o
[2021-03-19T10:32:28+0300] [SEVERE] https://www.diary.ru/js/pages/main_menu.js 9:5 Uncaught ReferenceError: jQuery is not defined
[2021-03-19T10:32:28+0300] [SEVERE] https://www.diary.ru/options/ 5:43 Uncaught ReferenceError: get is not defined
[2021-03-19T10:32:29+0300] [WARNING] https://www.diary.ru/options/ - [DOM] Found 2 elements with non-unique id #search_box_what: (More info: https://goo.gl/9p2vKq) %o %o
[2021-03-19T10:32:29+0300] [WARNING] https://www.diary.ru/options/ - [DOM] Found 2 elements with non-unique id #sq: (More info: https://goo.gl/9p2vKq) %o %o
Конец текущего теста
]]></system-out>
    <system-err><![CDATA[Starting ChromeDriver 89.0.4389.23 (61b08ee2c50024bab004e48d2b1b083cdbdac579-refs/branch-heads/4389@{#294}) on port 8646
Only local connections are allowed.
Please see https://chromedriver.chromium.org/security-considerations for suggestions on keeping ChromeDriver safe.
ChromeDriver was started successfully.
мар 19, 2021 10:32:19 AM org.openqa.selenium.remote.ProtocolHandshake createSession
INFO: Detected dialect: W3C
мар 19, 2021 10:32:19 AM org.openqa.selenium.remote.RemoteWebDriver log
INFO: Executing: get [a8a13890adbf2fee9ed83c4f014ff0cc, get {url=https://www.diary.ru/}]
мар 19, 2021 10:32:23 AM org.openqa.selenium.remote.RemoteWebDriver log
INFO: Executed: [a8a13890adbf2fee9ed83c4f014ff0cc, get {url=https://www.diary.ru/}]
мар 19, 2021 10:32:23 AM org.openqa.selenium.remote.RemoteWebDriver log
INFO: Executing: setCurrentWindowSize [a8a13890adbf2fee9ed83c4f014ff0cc, setCurrentWindowSize {width=1125, height=804}]
мар 19, 2021 10:32:23 AM org.openqa.selenium.remote.RemoteWebDriver log
INFO: Executed: [a8a13890adbf2fee9ed83c4f014ff0cc, setCurrentWindowSize {width=1125, height=804}]
мар 19, 2021 10:32:23 AM org.openqa.selenium.remote.RemoteWebDriver log
INFO: Executing: setWindowPosition [a8a13890adbf2fee9ed83c4f014ff0cc, setWindowPosition {x=700, y=20}]
мар 19, 2021 10:32:23 AM org.openqa.selenium.remote.RemoteWebDriver log
INFO: Executed: [a8a13890adbf2fee9ed83c4f014ff0cc, setWindowPosition {x=700, y=20}]
мар 19, 2021 10:32:23 AM org.openqa.selenium.remote.RemoteWebDriver log
INFO: Executing: setTimeout [a8a13890adbf2fee9ed83c4f014ff0cc, setTimeout {pageLoad=5000}]
мар 19, 2021 10:32:23 AM org.openqa.selenium.remote.RemoteWebDriver log
INFO: Executed: [a8a13890adbf2fee9ed83c4f014ff0cc, setTimeout {pageLoad=5000}]
мар 19, 2021 10:32:23 AM org.openqa.selenium.remote.RemoteWebDriver log
INFO: Executing: getCurrentUrl [a8a13890adbf2fee9ed83c4f014ff0cc, getCurrentUrl {}]
мар 19, 2021 10:32:23 AM org.openqa.selenium.remote.RemoteWebDriver log
INFO: Executed: [a8a13890adbf2fee9ed83c4f014ff0cc, getCurrentUrl {}]
мар 19, 2021 10:32:23 AM org.openqa.selenium.remote.RemoteWebDriver log
INFO: Executing: addCookie [a8a13890adbf2fee9ed83c4f014ff0cc, addCookie {cookie=user_login=chapeau_claque; path=/}]
мар 19, 2021 10:32:23 AM org.openqa.selenium.remote.RemoteWebDriver log
INFO: Executed: [a8a13890adbf2fee9ed83c4f014ff0cc, addCookie {cookie=user_login=chapeau_claque; path=/}]
мар 19, 2021 10:32:23 AM org.openqa.selenium.remote.RemoteWebDriver log
INFO: Executing: addCookie [a8a13890adbf2fee9ed83c4f014ff0cc, addCookie {cookie=user_pass_salt=77c5441c3e55870d1237319b778c71c0; path=/}]
мар 19, 2021 10:32:23 AM org.openqa.selenium.remote.RemoteWebDriver log
INFO: Executed: [a8a13890adbf2fee9ed83c4f014ff0cc, addCookie {cookie=user_pass_salt=77c5441c3e55870d1237319b778c71c0; path=/}]
мар 19, 2021 10:32:23 AM org.openqa.selenium.remote.RemoteWebDriver log
INFO: Executing: executeScript [a8a13890adbf2fee9ed83c4f014ff0cc, executeScript {script=window.location.reload();, args=[]}]
мар 19, 2021 10:32:28 AM org.openqa.selenium.remote.RemoteWebDriver log
INFO: Executed: [a8a13890adbf2fee9ed83c4f014ff0cc, executeScript {script=window.location.reload();, args=[]}]
мар 19, 2021 10:32:28 AM org.openqa.selenium.remote.RemoteWebDriver log
INFO: Executing: findElement [a8a13890adbf2fee9ed83c4f014ff0cc, findElement {using=xpath, value=//*[@id="body"]/div[2]/div/ul[2]}]
мар 19, 2021 10:32:28 AM org.openqa.selenium.remote.RemoteWebDriver log
INFO: Executed: [a8a13890adbf2fee9ed83c4f014ff0cc, findElement {using=xpath, value=//*[@id="body"]/div[2]/div/ul[2]}]
мар 19, 2021 10:32:28 AM org.openqa.selenium.remote.RemoteWebDriver log
INFO: Executing: isElementDisplayed [a8a13890adbf2fee9ed83c4f014ff0cc, isElementDisplayed {id=a47a2510-01f2-4f4c-a2d3-8c9136015b34}]
мар 19, 2021 10:32:28 AM org.openqa.selenium.remote.RemoteWebDriver log
INFO: Executed: [a8a13890adbf2fee9ed83c4f014ff0cc, isElementDisplayed {id=a47a2510-01f2-4f4c-a2d3-8c9136015b34}]
мар 19, 2021 10:32:28 AM org.openqa.selenium.remote.RemoteWebDriver log
INFO: Executing: findElement [a8a13890adbf2fee9ed83c4f014ff0cc, findElement {using=xpath, value=//*[@id="body"]/div[2]/div/ul[2]/li[7]/a}]
мар 19, 2021 10:32:28 AM org.openqa.selenium.remote.RemoteWebDriver log
INFO: Executed: [a8a13890adbf2fee9ed83c4f014ff0cc, findElement {using=xpath, value=//*[@id="body"]/div[2]/div/ul[2]/li[7]/a}]
мар 19, 2021 10:32:28 AM org.openqa.selenium.remote.RemoteWebDriver log
INFO: Executing: actions [a8a13890adbf2fee9ed83c4f014ff0cc, actions {actions=[org.openqa.selenium.interactions.Sequence@1ef93e01]}]
мар 19, 2021 10:32:28 AM org.openqa.selenium.remote.RemoteWebDriver log
INFO: Executed: [a8a13890adbf2fee9ed83c4f014ff0cc, actions {actions=[org.openqa.selenium.interactions.Sequence@1ef93e01]}]
мар 19, 2021 10:32:28 AM org.openqa.selenium.remote.RemoteWebDriver log
INFO: Executing: findElement [a8a13890adbf2fee9ed83c4f014ff0cc, findElement {using=xpath, value=//*[@id='body']/div[2]/div/ul[2]/li[7]/a}]
мар 19, 2021 10:32:28 AM org.openqa.selenium.remote.RemoteWebDriver log
INFO: Executed: [a8a13890adbf2fee9ed83c4f014ff0cc, findElement {using=xpath, value=//*[@id='body']/div[2]/div/ul[2]/li[7]/a}]
мар 19, 2021 10:32:28 AM org.openqa.selenium.remote.RemoteWebDriver log
INFO: Executing: getElementTagName [a8a13890adbf2fee9ed83c4f014ff0cc, getElementTagName {id=9aec6a7c-c252-4cea-9657-0b5d06cdefae}]
мар 19, 2021 10:32:28 AM org.openqa.selenium.remote.RemoteWebDriver log
INFO: Executed: [a8a13890adbf2fee9ed83c4f014ff0cc, getElementTagName {id=9aec6a7c-c252-4cea-9657-0b5d06cdefae}]
мар 19, 2021 10:32:28 AM org.openqa.selenium.remote.RemoteWebDriver log
INFO: Executing: isElementEnabled [a8a13890adbf2fee9ed83c4f014ff0cc, isElementEnabled {id=9aec6a7c-c252-4cea-9657-0b5d06cdefae}]
мар 19, 2021 10:32:28 AM org.openqa.selenium.remote.RemoteWebDriver log
INFO: Executed: [a8a13890adbf2fee9ed83c4f014ff0cc, isElementEnabled {id=9aec6a7c-c252-4cea-9657-0b5d06cdefae}]
мар 19, 2021 10:32:28 AM org.openqa.selenium.remote.RemoteWebDriver log
INFO: Executing: isElementDisplayed [a8a13890adbf2fee9ed83c4f014ff0cc, isElementDisplayed {id=9aec6a7c-c252-4cea-9657-0b5d06cdefae}]
мар 19, 2021 10:32:28 AM org.openqa.selenium.remote.RemoteWebDriver log
INFO: Executed: [a8a13890adbf2fee9ed83c4f014ff0cc, isElementDisplayed {id=9aec6a7c-c252-4cea-9657-0b5d06cdefae}]
мар 19, 2021 10:32:28 AM org.openqa.selenium.remote.RemoteWebDriver log
INFO: Executing: clickElement [a8a13890adbf2fee9ed83c4f014ff0cc, clickElement {id=9aec6a7c-c252-4cea-9657-0b5d06cdefae}]
мар 19, 2021 10:32:29 AM org.openqa.selenium.remote.RemoteWebDriver log
INFO: Executed: [a8a13890adbf2fee9ed83c4f014ff0cc, clickElement {id=9aec6a7c-c252-4cea-9657-0b5d06cdefae}]
мар 19, 2021 10:32:29 AM org.openqa.selenium.remote.RemoteWebDriver log
INFO: Executing: findElement [a8a13890adbf2fee9ed83c4f014ff0cc, findElement {using=xpath, value=//*[@id="query"]}]
мар 19, 2021 10:32:29 AM org.openqa.selenium.remote.RemoteWebDriver log
INFO: Executed: [a8a13890adbf2fee9ed83c4f014ff0cc, findElement {using=xpath, value=//*[@id="query"]}]
мар 19, 2021 10:32:29 AM org.openqa.selenium.remote.RemoteWebDriver log
INFO: Executing: getElementTagName [a8a13890adbf2fee9ed83c4f014ff0cc, getElementTagName {id=fac9df8f-5c3d-4bd3-8427-edef0609ddd8}]
мар 19, 2021 10:32:29 AM org.openqa.selenium.remote.RemoteWebDriver log
INFO: Executed: [a8a13890adbf2fee9ed83c4f014ff0cc, getElementTagName {id=fac9df8f-5c3d-4bd3-8427-edef0609ddd8}]
мар 19, 2021 10:32:29 AM org.openqa.selenium.remote.RemoteWebDriver log
INFO: Executing: isElementEnabled [a8a13890adbf2fee9ed83c4f014ff0cc, isElementEnabled {id=fac9df8f-5c3d-4bd3-8427-edef0609ddd8}]
мар 19, 2021 10:32:29 AM org.openqa.selenium.remote.RemoteWebDriver log
INFO: Executed: [a8a13890adbf2fee9ed83c4f014ff0cc, isElementEnabled {id=fac9df8f-5c3d-4bd3-8427-edef0609ddd8}]
мар 19, 2021 10:32:29 AM org.openqa.selenium.remote.RemoteWebDriver log
INFO: Executing: isElementDisplayed [a8a13890adbf2fee9ed83c4f014ff0cc, isElementDisplayed {id=fac9df8f-5c3d-4bd3-8427-edef0609ddd8}]
мар 19, 2021 10:32:29 AM org.openqa.selenium.remote.RemoteWebDriver log
INFO: Executed: [a8a13890adbf2fee9ed83c4f014ff0cc, isElementDisplayed {id=fac9df8f-5c3d-4bd3-8427-edef0609ddd8}]
мар 19, 2021 10:32:29 AM org.openqa.selenium.remote.RemoteWebDriver log
INFO: Executing: clickElement [a8a13890adbf2fee9ed83c4f014ff0cc, clickElement {id=fac9df8f-5c3d-4bd3-8427-edef0609ddd8}]
мар 19, 2021 10:32:29 AM org.openqa.selenium.remote.RemoteWebDriver log
INFO: Executed: [a8a13890adbf2fee9ed83c4f014ff0cc, clickElement {id=fac9df8f-5c3d-4bd3-8427-edef0609ddd8}]
мар 19, 2021 10:32:29 AM org.openqa.selenium.remote.RemoteWebDriver log
INFO: Executing: findElement [a8a13890adbf2fee9ed83c4f014ff0cc, findElement {using=xpath, value=//*[@id="query"]}]
мар 19, 2021 10:32:29 AM org.openqa.selenium.remote.RemoteWebDriver log
INFO: Executed: [a8a13890adbf2fee9ed83c4f014ff0cc, findElement {using=xpath, value=//*[@id="query"]}]
мар 19, 2021 10:32:29 AM org.openqa.selenium.remote.RemoteWebDriver log
INFO: Executing: sendKeysToElement [a8a13890adbf2fee9ed83c4f014ff0cc, sendKeysToElement {id=fac9df8f-5c3d-4bd3-8427-edef0609ddd8, value=[Ljava.lang.CharSequence;@71316cd7}]
мар 19, 2021 10:32:30 AM org.openqa.selenium.remote.RemoteWebDriver log
INFO: Executed: [a8a13890adbf2fee9ed83c4f014ff0cc, sendKeysToElement {id=fac9df8f-5c3d-4bd3-8427-edef0609ddd8, value=[Ljava.lang.CharSequence;@71316cd7}]
мар 19, 2021 10:32:30 AM org.openqa.selenium.remote.RemoteWebDriver log
INFO: Executing: findElement [a8a13890adbf2fee9ed83c4f014ff0cc, findElement {using=xpath, value=//*[@id='ss_my_profile']/div}]
мар 19, 2021 10:32:30 AM org.openqa.selenium.remote.RemoteWebDriver log
INFO: Executed: [a8a13890adbf2fee9ed83c4f014ff0cc, findElement {using=xpath, value=//*[@id='ss_my_profile']/div}]
мар 19, 2021 10:32:30 AM org.openqa.selenium.remote.RemoteWebDriver log
INFO: Executing: isElementDisplayed [a8a13890adbf2fee9ed83c4f014ff0cc, isElementDisplayed {id=9a8dbfe8-7489-4779-b696-dcf2e7d9796e}]
мар 19, 2021 10:32:30 AM org.openqa.selenium.remote.RemoteWebDriver log
INFO: Executed: [a8a13890adbf2fee9ed83c4f014ff0cc, isElementDisplayed {id=9a8dbfe8-7489-4779-b696-dcf2e7d9796e}]
мар 19, 2021 10:32:30 AM org.openqa.selenium.remote.RemoteWebDriver log
INFO: Executing: findElement [a8a13890adbf2fee9ed83c4f014ff0cc, findElement {using=xpath, value=//*[@id='ss_my_profile']/div}]
мар 19, 2021 10:32:30 AM org.openqa.selenium.remote.RemoteWebDriver log
INFO: Executed: [a8a13890adbf2fee9ed83c4f014ff0cc, findElement {using=xpath, value=//*[@id='ss_my_profile']/div}]
мар 19, 2021 10:32:30 AM org.openqa.selenium.remote.RemoteWebDriver log
INFO: Executing: isElementDisplayed [a8a13890adbf2fee9ed83c4f014ff0cc, isElementDisplayed {id=9a8dbfe8-7489-4779-b696-dcf2e7d9796e}]
мар 19, 2021 10:32:30 AM org.openqa.selenium.remote.RemoteWebDriver log
INFO: Executed: [a8a13890adbf2fee9ed83c4f014ff0cc, isElementDisplayed {id=9a8dbfe8-7489-4779-b696-dcf2e7d9796e}]
мар 19, 2021 10:32:30 AM org.openqa.selenium.remote.RemoteWebDriver log
INFO: Executing: getLog [a8a13890adbf2fee9ed83c4f014ff0cc, getLog {type=browser}]
мар 19, 2021 10:32:30 AM org.openqa.selenium.remote.RemoteWebDriver log
INFO: Executed: [a8a13890adbf2fee9ed83c4f014ff0cc, getLog {type=browser}]
мар 19, 2021 10:32:30 AM org.openqa.selenium.remote.RemoteWebDriver log
INFO: Executing: quit [a8a13890adbf2fee9ed83c4f014ff0cc, quit {}]
мар 19, 2021 10:32:32 AM org.openqa.selenium.remote.RemoteWebDriver log
INFO: Executed: [a8a13890adbf2fee9ed83c4f014ff0cc, quit {}]
]]></system-err>
  </testcase>
</testsuite>